<?xml version="1.0" encoding="UTF-8"?>
<testsuite xmlns:xsi="http://www.w3.org/2001/XMLSchema-instance" xsi:noNamespaceSchemaLocation="https://maven.apache.org/surefire/maven-surefire-plugin/xsd/surefire-test-report-3.0.xsd" version="3.0" name="com.mountain.caves.quickchatapp.TestSuite" time="0.149" tests="4" errors="0" skipped="0" failures="0">
  <properties>
[...]
</properties>
  <testcase name="testMessageCreation" classname="com.mountain.caves.quickchatapp.TestSuite" time="0.033"/>
  <testcase name="testJsonSerialization" classname="com.mountain.caves.quickchatapp.TestSuite" time="0.049"/>
  <testcase name="testMessageValidation" classname="com.mountain.caves.quickchatapp.TestSuite" time="0.001"/>
  <testcase name="testHashGeneration" classname="com.mountain.caves.quickchatapp.TestSuite" time="0.001"/>
</testsuite>